Log file open, 02/18/18 20:30:33
LogWindows: Failed to load 'aqProf.dll' (GetLastError=126)
LogWindows: File 'aqProf.dll' does not exist
LogWindows: Failed to load 'VSPerf140.dll' (GetLastError=126)
LogWindows: File 'VSPerf140.dll' does not exist
LogWindows: Failed to load 'VtuneApi.dll' (GetLastError=126)
LogWindows: File 'VtuneApi.dll' does not exist
LogWindows: Failed to load 'VtuneApi32e.dll' (GetLastError=126)
LogWindows: File 'VtuneApi32e.dll' does not exist
LogInit: Display: Running engine for game: BuildingEscape
LogPlatformFile: Not using cached read wrapper
LogInit: Display: RandInit(-34429883) SRandInit(-34429883).
LogInit: Read version file with build ID '3709383'
LogInit: Overriding engine version to CL 3832480, compatible CL 3709383
LogInit: Registered custom module enumerator with build ID '3709383'
LogTaskGraph: Started task graph with 5 named threads and 14 total threads with 3 sets of task threads.
LogStats: Stats thread started at 0.221330
LogD3D11RHI: Aftermath initialized
LogPluginManager: Mounting plugin Paper2D
LogPluginManager: Mounting plugin LightPropagationVolume
LogPluginManager: Mounting plugin CodeLiteSourceCodeAccess
LogPluginManager: Mounting plugin GitSourceControl
LogPluginManager: Mounting plugin KDevelopSourceCodeAccess
LogPluginManager: Mounting plugin NullSourceCodeAccess
LogPluginManager: Mounting plugin PerforceSourceControl
LogPluginManager: Mounting plugin SubversionSourceControl
LogPluginManager: Mounting plugin UObjectPlugin
LogPluginManager: Mounting plugin VisualStudioCodeSourceCodeAccess
LogPluginManager: Mounting plugin VisualStudioSourceCodeAccess
LogPluginManager: Mounting plugin XCodeSourceCodeAccess
LogPluginManager: Mounting plugin AssetManagerEditor
LogPluginManager: Mounting plugin AudioCapture
LogPluginManager: Mounting plugin FacialAnimation
LogPluginManager: Mounting plugin GameplayTagsEditor
LogPluginManager: Mounting plugin MobileLauncherProfileWizard
LogPluginManager: Mounting plugin PluginBrowser
LogPluginManager: Mounting plugin SpeedTreeImporter
LogPluginManager: Mounting plugin AlembicImporter
LogPluginManager: Mounting plugin CharacterAI
LogPluginManager: Mounting plugin HTML5Networking
LogPluginManager: Mounting plugin AndroidMedia
LogPluginManager: Mounting plugin AvfMedia
LogPluginManager: Mounting plugin ImgMedia
LogPluginManager: Mounting plugin MediaCompositing
LogPluginManager: Mounting plugin MediaPlayerEditor
LogPluginManager: Mounting plugin WmfMedia
LogPluginManager: Mounting plugin TcpMessaging
LogPluginManager: Mounting plugin UdpMessaging
LogPluginManager: Mounting plugin ActorSequence
LogPluginManager: Mounting plugin LevelSequenceEditor
LogPluginManager: Mounting plugin MatineeToLevelSequence
LogPluginManager: Mounting plugin OnlineSubsystemGooglePlay
LogPluginManager: Mounting plugin OnlineSubsystemIOS
LogPluginManager: Mounting plugin OnlineSubsystem
LogPluginManager: Mounting plugin OnlineSubsystemNull
LogPluginManager: Mounting plugin OnlineSubsystemUtils
LogPluginManager: Mounting plugin AndroidDeviceProfileSelector
LogPluginManager: Mounting plugin AndroidMoviePlayer
LogPluginManager: Mounting plugin AndroidPermission
LogPluginManager: Mounting plugin AppleARKit
LogPluginManager: Mounting plugin AppleMoviePlayer
LogPluginManager: Mounting plugin ArchVisCharacter
LogPluginManager: Mounting plugin CableComponent
LogPluginManager: Mounting plugin CustomMeshComponent
LogPluginManager: Mounting plugin ExampleDeviceProfileSelector
LogPluginManager: Mounting plugin GoogleCloudMessaging
LogPluginManager: Mounting plugin ImmediatePhysics
LogPluginManager: Mounting plugin IOSDeviceProfileSelector
LogPluginManager: Mounting plugin LinuxDeviceProfileSelector
LogPluginManager: Mounting plugin LocationServicesBPLibrary
LogPluginManager: Mounting plugin MobilePatchingUtils
LogPluginManager: Mounting plugin OculusVR
LogPluginManager: Plugin shader directory ../../../Engine/Plugins/Runtime/Oculus/OculusVR/Shaders found
LogPluginManager: Mapping shader source directory ../../../Engine/Plugins/Runtime/Oculus/OculusVR/Shaders to virtual directory /Plugin/OculusVR
LogPluginManager: Mounting plugin PhysXVehicles
LogPluginManager: Mounting plugin ProceduralMeshComponent
LogPluginManager: Mounting plugin RuntimePhysXCooking
LogPluginManager: Mounting plugin SteamVR
LogPluginManager: Mounting plugin WindowsMoviePlayer
LogModuleManager: Display: Found up-to-date module file ../../../../../../Users/gahlo/Documents/Unreal Projects/03_BuildingEscape/BuildingEscape/Binaries/Win64/UE4Editor-BuildingEscape.dll (API version 3709383).
LogModuleManager: Display: Found up-to-date module file ../../../Engine/Plugins/2D/Paper2D/Binaries/Win64/UE4Editor-Paper2D.dll (API version 3709383).
LogModuleManager: Display: Found up-to-date module file ../../../Engine/Plugins/2D/Paper2D/Binaries/Win64/UE4Editor-Paper2DEditor.dll (API version 3709383).
LogModuleManager: Display: Found up-to-date module file ../../../Engine/Plugins/2D/Paper2D/Binaries/Win64/UE4Editor-PaperSpriteSheetImporter.dll (API version 3709383).
LogModuleManager: Display: Found up-to-date module file ../../../Engine/Plugins/2D/Paper2D/Binaries/Win64/UE4Editor-PaperTiledImporter.dll (API version 3709383).
LogModuleManager: Display: Found up-to-date module file ../../../Engine/Plugins/2D/Paper2D/Binaries/Win64/UE4Editor-SmartSnapping.dll (API version 3709383).
LogModuleManager: Display: Found up-to-date module file ../../../Engine/Plugins/Blendables/LightPropagationVolume/Binaries/Win64/UE4Editor-LightPropagationVolumeRuntime.dll (API version 3709383).
LogModuleManager: Display: Found up-to-date module file ../../../Engine/Plugins/Blendables/LightPropagationVolume/Binaries/Win64/UE4Editor-LightPropagationVolumeEditor.dll (API version 3709383).
LogModuleManager: Display: Found up-to-date module file ../../../Engine/Plugins/Developer/GitSourceControl/Binaries/Win64/UE4Editor-GitSourceControl.dll (API version 3709383).
LogModuleManager: Display: Found up-to-date module file ../../../Engine/Plugins/Developer/PerforceSourceControl/Binaries/Win64/UE4Editor-PerforceSourceControl.dll (API version 3709383).
LogModuleManager: Display: Found up-to-date module file ../../../Engine/Plugins/Developer/SubversionSourceControl/Binaries/Win64/UE4Editor-SubversionSourceControl.dll (API version 3709383).
LogModuleManager: Display: Found up-to-date module file ../../../Engine/Plugins/Developer/UObjectPlugin/Binaries/Win64/UE4Editor-UObjectPlugin.dll (API version 3709383).
LogModuleManager: Display: Found up-to-date module file ../../../Engine/Plugins/Developer/VisualStudioCodeSourceCodeAccess/Binaries/Win64/UE4Editor-VisualStudioCodeSourceCodeAccess.dll (API version 3709383).
LogModuleManager: Display: Found up-to-date module file ../../../Engine/Plugins/Developer/VisualStudioSourceCodeAccess/Binaries/Win64/UE4Editor-VisualStudioSourceCodeAccess.dll (API version 3709383).
LogModuleManager: Display: Found up-to-date module file ../../../Engine/Plugins/Editor/AssetManagerEditor/Binaries/Win64/UE4Editor-AssetManagerEditor.dll (API version 3709383).
LogModuleManager: Display: Found up-to-date module file ../../../Engine/Plugins/Editor/AudioCapture/Binaries/Win64/UE4Editor-AudioCapture.dll (API version 3709383).
LogModuleManager: Display: Found up-to-date module file ../../../Engine/Plugins/Editor/FacialAnimation/Binaries/Win64/UE4Editor-FacialAnimation.dll (API version 3709383).
LogModuleManager: Display: Found up-to-date module file ../../../Engine/Plugins/Editor/FacialAnimation/Binaries/Win64/UE4Editor-FacialAnimationEditor.dll (API version 3709383).
LogModuleManager: Display: Found up-to-date module file ../../../Engine/Plugins/Editor/GameplayTagsEditor/Binaries/Win64/UE4Editor-GameplayTagsEditor.dll (API version 3709383).
LogModuleManager: Display: Found up-to-date module file ../../../Engine/Plugins/Editor/MobileLauncherProfileWizard/Binaries/Win64/UE4Editor-MobileLauncherProfileWizard.dll (API version 3709383).
LogModuleManager: Display: Found up-to-date module file ../../../Engine/Plugins/Editor/PluginBrowser/Binaries/Win64/UE4Editor-PluginBrowser.dll (API version 3709383).
LogModuleManager: Display: Found up-to-date module file ../../../Engine/Plugins/Editor/SpeedTreeImporter/Binaries/Win64/UE4Editor-SpeedTreeImporter.dll (API version 3709383).
LogModuleManager: Display: Found up-to-date module file ../../../Engine/Plugins/Experimental/AlembicImporter/Binaries/Win64/UE4Editor-AlembicImporter.dll (API version 3709383).
LogModuleManager: Display: Found up-to-date module file ../../../Engine/Plugins/Experimental/AlembicImporter/Binaries/Win64/UE4Editor-AlembicLibrary.dll (API version 3709383).
LogModuleManager: Display: Found up-to-date module file ../../../Engine/Plugins/Experimental/CharacterAI/Binaries/Win64/UE4Editor-CharacterAI.dll (API version 3709383).
LogModuleManager: Display: Found up-to-date module file ../../../Engine/Plugins/Experimental/HTML5Networking/Binaries/Win64/UE4Editor-HTML5Networking.dll (API version 3709383).
LogModuleManager: Display: Found up-to-date module file ../../../Engine/Plugins/Media/AndroidMedia/Binaries/Win64/UE4Editor-AndroidMediaEditor.dll (API version 3709383).
LogModuleManager: Display: Found up-to-date module file ../../../Engine/Plugins/Media/AndroidMedia/Binaries/Win64/UE4Editor-AndroidMediaFactory.dll (API version 3709383).
LogModuleManager: Display: Found up-to-date module file ../../../Engine/Plugins/Media/AvfMedia/Binaries/Win64/UE4Editor-AvfMediaEditor.dll (API version 3709383).
LogModuleManager: Display: Found up-to-date module file ../../../Engine/Plugins/Media/AvfMedia/Binaries/Win64/UE4Editor-AvfMediaFactory.dll (API version 3709383).
LogModuleManager: Display: Found up-to-date module file ../../../Engine/Plugins/Media/AvfMedia/Binaries/Win64/UE4Editor-AvfMediaFactory.dll (API version 3709383).
LogModuleManager: Display: Found up-to-date module file ../../../Engine/Plugins/Media/ImgMedia/Binaries/Win64/UE4Editor-ImgMedia.dll (API version 3709383).
LogModuleManager: Display: Found up-to-date module file ../../../Engine/Plugins/Media/ImgMedia/Binaries/Win64/UE4Editor-ImgMediaEditor.dll (API version 3709383).
LogModuleManager: Display: Found up-to-date module file ../../../Engine/Plugins/Media/ImgMedia/Binaries/Win64/UE4Editor-ImgMediaFactory.dll (API version 3709383).
LogModuleManager: Display: Found up-to-date module file ../../../Engine/Plugins/Media/ImgMedia/Binaries/Win64/UE4Editor-ImgMediaFactory.dll (API version 3709383).
LogModuleManager: Display: Found up-to-date module file ../../../Engine/Plugins/Media/ImgMedia/Binaries/Win64/UE4Editor-OpenExrWrapper.dll (API version 3709383).
LogModuleManager: Display: Found up-to-date module file ../../../Engine/Plugins/Media/MediaCompositing/Binaries/Win64/UE4Editor-MediaCompositing.dll (API version 3709383).
LogModuleManager: Display: Found up-to-date module file ../../../Engine/Plugins/Media/MediaCompositing/Binaries/Win64/UE4Editor-MediaCompositingEditor.dll (API version 3709383).
LogModuleManager: Display: Found up-to-date module file ../../../Engine/Plugins/Media/MediaPlayerEditor/Binaries/Win64/UE4Editor-MediaPlayerEditor.dll (API version 3709383).
LogModuleManager: Display: Found up-to-date module file ../../../Engine/Plugins/Media/WmfMedia/Binaries/Win64/UE4Editor-WmfMedia.dll (API version 3709383).
LogModuleManager: Display: Found up-to-date module file ../../../Engine/Plugins/Media/WmfMedia/Binaries/Win64/UE4Editor-WmfMediaEditor.dll (API version 3709383).
LogModuleManager: Display: Found up-to-date module file ../../../Engine/Plugins/Media/WmfMedia/Binaries/Win64/UE4Editor-WmfMediaFactory.dll (API version 3709383).
LogModuleManager: Display: Found up-to-date module file ../../../Engine/Plugins/Media/WmfMedia/Binaries/Win64/UE4Editor-WmfMediaFactory.dll (API version 3709383).
LogModuleManager: Display: Found up-to-date module file ../../../Engine/Plugins/Messaging/TcpMessaging/Binaries/Win64/UE4Editor-TcpMessaging.dll (API version 3709383).
LogModuleManager: Display: Found up-to-date module file ../../../Engine/Plugins/Messaging/UdpMessaging/Binaries/Win64/UE4Editor-UdpMessaging.dll (API version 3709383).
LogModuleManager: Display: Found up-to-date module file ../../../Engine/Plugins/MovieScene/ActorSequence/Binaries/Win64/UE4Editor-ActorSequence.dll (API version 3709383).
LogModuleManager: Display: Found up-to-date module file ../../../Engine/Plugins/MovieScene/LevelSequenceEditor/Binaries/Win64/UE4Editor-LevelSequenceEditor.dll (API version 3709383).
LogModuleManager: Display: Found up-to-date module file ../../../Engine/Plugins/MovieScene/MatineeToLevelSequence/Binaries/Win64/UE4Editor-MatineeToLevelSequence.dll (API version 3709383).
LogModuleManager: Display: Found up-to-date module file ../../../Engine/Plugins/Online/OnlineSubsystem/Binaries/Win64/UE4Editor-OnlineSubsystem.dll (API version 3709383).
LogModuleManager: Display: Found up-to-date module file ../../../Engine/Plugins/Online/OnlineSubsystemNull/Binaries/Win64/UE4Editor-OnlineSubsystemNull.dll (API version 3709383).
LogModuleManager: Display: Found up-to-date module file ../../../Engine/Plugins/Online/OnlineSubsystemUtils/Binaries/Win64/UE4Editor-OnlineSubsystemUtils.dll (API version 3709383).
LogModuleManager: Display: Found up-to-date module file ../../../Engine/Plugins/Online/OnlineSubsystemUtils/Binaries/Win64/UE4Editor-OnlineBlueprintSupport.dll (API version 3709383).
LogModuleManager: Display: Found up-to-date module file ../../../Engine/Plugins/Runtime/AndroidDeviceProfileSelector/Binaries/Win64/UE4Editor-AndroidDeviceProfileSelector.dll (API version 3709383).
LogModuleManager: Display: Found up-to-date module file ../../../Engine/Plugins/Runtime/AndroidPermission/Binaries/Win64/UE4Editor-AndroidPermission.dll (API version 3709383).
LogModuleManager: Display: Found up-to-date module file ../../../Engine/Plugins/Runtime/AppleARKit/Binaries/Win64/UE4Editor-AppleARKit.dll (API version 3709383).
LogModuleManager: Display: Found up-to-date module file ../../../Engine/Plugins/Runtime/ArchVisCharacter/Binaries/Win64/UE4Editor-ArchVisCharacter.dll (API version 3709383).
LogModuleManager: Display: Found up-to-date module file ../../../Engine/Plugins/Runtime/CableComponent/Binaries/Win64/UE4Editor-CableComponent.dll (API version 3709383).
LogModuleManager: Display: Found up-to-date module file ../../../Engine/Plugins/Runtime/CustomMeshComponent/Binaries/Win64/UE4Editor-CustomMeshComponent.dll (API version 3709383).
LogModuleManager: Display: Found up-to-date module file ../../../Engine/Plugins/Runtime/ExampleDeviceProfileSelector/Binaries/Win64/UE4Editor-ExampleDeviceProfileSelector.dll (API version 3709383).
LogModuleManager: Display: Found up-to-date module file ../../../Engine/Plugins/Runtime/ImmediatePhysics/Binaries/Win64/UE4Editor-ImmediatePhysics.dll (API version 3709383).
LogModuleManager: Display: Found up-to-date module file ../../../Engine/Plugins/Runtime/ImmediatePhysics/Binaries/Win64/UE4Editor-ImmediatePhysicsEditor.dll (API version 3709383).
LogModuleManager: Display: Found up-to-date module file ../../../Engine/Plugins/Runtime/LocationServicesBPLibrary/Binaries/Win64/UE4Editor-LocationServicesBPLibrary.dll (API version 3709383).
LogModuleManager: Display: Found up-to-date module file ../../../Engine/Plugins/Runtime/MobilePatchingUtils/Binaries/Win64/UE4Editor-MobilePatchingUtils.dll (API version 3709383).
LogModuleManager: Display: Found up-to-date module file ../../../Engine/Plugins/Runtime/Oculus/OculusVR/Binaries/Win64/UE4Editor-OculusHMD.dll (API version 3709383).
LogModuleManager: Display: Found up-to-date module file ../../../Engine/Plugins/Runtime/Oculus/OculusVR/Binaries/Win64/UE4Editor-OculusInput.dll (API version 3709383).
LogModuleManager: Display: Found up-to-date module file ../../../Engine/Plugins/Runtime/Oculus/OculusVR/Binaries/Win64/UE4Editor-OculusEditor.dll (API version 3709383).
LogModuleManager: Display: Found up-to-date module file ../../../Engine/Plugins/Runtime/PhysXVehicles/Binaries/Win64/UE4Editor-PhysXVehicles.dll (API version 3709383).
LogModuleManager: Display: Found up-to-date module file ../../../Engine/Plugins/Runtime/PhysXVehicles/Binaries/Win64/UE4Editor-PhysXVehiclesEditor.dll (API version 3709383).
LogModuleManager: Display: Found up-to-date module file ../../../Engine/Plugins/Runtime/ProceduralMeshComponent/Binaries/Win64/UE4Editor-ProceduralMeshComponent.dll (API version 3709383).
LogModuleManager: Display: Found up-to-date module file ../../../Engine/Plugins/Runtime/ProceduralMeshComponent/Binaries/Win64/UE4Editor-ProceduralMeshComponentEditor.dll (API version 3709383).
LogModuleManager: Display: Found up-to-date module file ../../../Engine/Plugins/Runtime/RuntimePhysXCooking/Binaries/Win64/UE4Editor-RuntimePhysXCooking.dll (API version 3709383).
LogModuleManager: Display: Found up-to-date module file ../../../Engine/Plugins/Runtime/Steam/SteamVR/Binaries/Win64/UE4Editor-SteamVR.dll (API version 3709383).
LogModuleManager: Display: Found up-to-date module file ../../../Engine/Plugins/Runtime/Steam/SteamVR/Binaries/Win64/UE4Editor-SteamVRController.dll (API version 3709383).
LogModuleManager: Display: Found up-to-date module file ../../../Engine/Plugins/Runtime/WindowsMoviePlayer/Binaries/Win64/UE4Editor-WindowsMoviePlayer.dll (API version 3709383).
LogInit: Using libcurl 7.47.1
LogInit:  - built for x86_64-pc-win32
LogInit:  - supports SSL with OpenSSL/1.0.2g
LogInit:  - supports HTTP deflate (compression) using libz 1.2.8
LogInit:  - other features:
LogInit:      CURL_VERSION_SSL
LogInit:      CURL_VERSION_LIBZ
LogInit:      CURL_VERSION_IPV6
LogInit:      CURL_VERSION_ASYNCHDNS
LogInit:      CURL_VERSION_LARGEFILE
LogInit:      CURL_VERSION_IDN
LogInit:  CurlRequestOptions (configurable via config and command line):
LogInit:  - bVerifyPeer = false  - Libcurl will NOT verify peer certificate
LogInit:  - bUseHttpProxy = false  - Libcurl will NOT use HTTP proxy
LogInit:  - bDontReuseConnections = false  - Libcurl will reuse connections
LogInit:  - CertBundlePath = nullptr  - Libcurl will use whatever was configured at build time.
LogInit: Build: ++UE4+Release-4.18-CL-3832480
LogInit: Engine Version: 4.18.3-3832480+++UE4+Release-4.18
LogInit: Compatible Engine Version: 4.18.0-3709383+++UE4+Release-4.18
LogInit: Net CL: 3709383
LogDevObjectVersion: Number of dev versions registered: 16
LogDevObjectVersion:   Dev-Blueprints (B0D832E4-1F89-4F0D-ACCF-7EB736FD4AA2): 10
LogDevObjectVersion:   Dev-Build (E1C64328-A22C-4D53-A36C-8E866417BD8C): 0
LogDevObjectVersion:   Dev-Core (375EC13C-06E4-48FB-B500-84F0262A717E): 2
LogDevObjectVersion:   Dev-Editor (E4B068ED-F494-42E9-A231-DA0B2E46BB41): 20
LogDevObjectVersion:   Dev-Framework (CFFC743F-43B0-4480-9391-14DF171D2073): 30
LogDevObjectVersion:   Dev-Mobile (B02B49B5-BB20-44E9-A304-32B752E40360): 0
LogDevObjectVersion:   Dev-Networking (A4E4105C-59A1-49B5-A7C5-40C4547EDFEE): 0
LogDevObjectVersion:   Dev-Online (39C831C9-5AE6-47DC-9A44-9C173E1C8E7C): 0
LogDevObjectVersion:   Dev-Physics (78F01B33-EBEA-4F98-B9B4-84EACCB95AA2): 0
LogDevObjectVersion:   Dev-Platform (6631380F-2D4D-43E0-8009-CF276956A95A): 0
LogDevObjectVersion:   Dev-Rendering (12F88B9F-8875-4AFC-A67C-D90C383ABD29): 20
LogDevObjectVersion:   Dev-Sequencer (7B5AE74C-D270-4C10-A958-57980B212A5A): 4
LogDevObjectVersion:   Dev-VR (D7296918-1DD6-4BDD-9DE2-64A83CC13884): 0
LogDevObjectVersion:   Dev-LoadTimes (C2A15278-BFE7-4AFE-6C17-90FF531DF755): 1
LogDevObjectVersion:   Private-Geometry (6EACA3D4-40EC-4CC1-B786-8BED09428FC5): 1
LogDevObjectVersion:   Dev-AnimPhys (29E575DD-E0A3-4627-9D10-D276232CDCEA): 12
LogInit: Compiled (64-bit): Jan 12 2018 02:04:55
LogInit: Compiled with Visual C++: 19.00.24215.01
LogInit: Build Configuration: Development
LogInit: Branch Name: ++UE4+Release-4.18
LogInit: Command line: -EpicPortal 
LogInit: Base directory: C:/Program Files/Epic Games/UE_4.18/Engine/Binaries/Win64/
LogInit: Installed Engine Build: 1
LogInit: Presizing for max 8388607 objects, including 0 objects not considered by GC, pre-allocating 0 bytes for permanent pool.
LogInit: Object subsystem initialized
[2018.02.19-00.30.36:081][  0]LogInit: Selected Device Profile: [Windows]
[2018.02.19-00.30.36:081][  0]LogInit: Applying CVar settings loaded from the selected device profile: [Windows]
[2018.02.19-00.30.36:123][  0]LogInit: Computer: LAPTOP-OFUD9S0R
[2018.02.19-00.30.36:123][  0]LogInit: User: Ghost
[2018.02.19-00.30.36:123][  0]LogInit: CPU Page size=4096, Cores=4
[2018.02.19-00.30.36:123][  0]LogInit: High frequency timer resolution =2.742189 MHz
[2018.02.19-00.30.36:124][  0]LogMemory: Memory total: Physical=15.9GB (16GB approx)
[2018.02.19-00.30.36:124][  0]LogMemory: Platform Memory Stats for Windows
[2018.02.19-00.30.36:124][  0]LogMemory: Process Physical Memory: 275.66 MB used, 275.66 MB peak
[2018.02.19-00.30.36:124][  0]LogMemory: Process Virtual Memory: 269.80 MB used, 269.80 MB peak
[2018.02.19-00.30.36:124][  0]LogMemory: Physical Memory: 5921.70 MB used,  10337.46 MB free, 16259.16 MB total
[2018.02.19-00.30.36:124][  0]LogMemory: Virtual Memory: 677.92 MB used,  10337.46 MB free, 134217728.00 MB total
[2018.02.19-00.30.36:348][  0]LogInit: Using OS detected language (en-US).
[2018.02.19-00.30.36:348][  0]LogInit: Using OS detected locale (en-CA).
[2018.02.19-00.30.36:351][  0]LogTextLocalizationManager: No specific localization for 'en-US' exists, so the 'en' localization will be used.
[2018.02.19-00.30.36:763][  0]LogInit: Setting process to per monitor DPI aware
[2018.02.19-00.30.37:101][  0]LogD3D11RHI: D3D11 adapters:
[2018.02.19-00.30.37:168][  0]LogD3D11RHI:    0. 'NVIDIA GeForce GTX 1050 Ti' (Feature Level 11_0)
[2018.02.19-00.30.37:168][  0]LogD3D11RHI:       4031/0/8129 MB DedicatedVideo/DedicatedSystem/SharedSystem, Outputs:1, VendorId:0x10de
[2018.02.19-00.30.37:184][  0]LogD3D11RHI:    1. 'Intel(R) HD Graphics 630' (Feature Level 11_0)
[2018.02.19-00.30.37:185][  0]LogD3D11RHI:       128/0/8129 MB DedicatedVideo/DedicatedSystem/SharedSystem, Outputs:0, VendorId:0x8086
[2018.02.19-00.30.37:188][  0]LogD3D11RHI:    2. 'Microsoft Basic Render Driver' (Feature Level 11_0)
[2018.02.19-00.30.37:189][  0]LogD3D11RHI:       0/0/8129 MB DedicatedVideo/DedicatedSystem/SharedSystem, Outputs:0, VendorId:0x1414
[2018.02.19-00.30.37:189][  0]LogD3D11RHI: Chosen D3D11 Adapter: 0
[2018.02.19-00.30.37:196][  0]LogD3D11RHI: Creating new Direct3DDevice
[2018.02.19-00.30.37:196][  0]LogD3D11RHI:     GPU DeviceId: 0x1c8c (for the marketing name, search the web for "GPU Device Id")
[2018.02.19-00.30.37:196][  0]LogWindows: EnumDisplayDevices:
[2018.02.19-00.30.37:196][  0]LogWindows:    0. 'Intel(R) HD Graphics 630' (P:0 D:0)
[2018.02.19-00.30.37:196][  0]LogWindows:    1. 'Intel(R) HD Graphics 630' (P:1 D:1)
[2018.02.19-00.30.37:196][  0]LogWindows:    2. 'Intel(R) HD Graphics 630' (P:0 D:0)
[2018.02.19-00.30.37:197][  0]LogWindows: DebugString: GetVideoDriverDetailsInvalid PrimaryIsNotTheChoosenAdapter GetVideoDriverDetailsInvalid PrimaryIsNotTheChoosenAdapter GetVideoDriverDetailsInvalid PrimaryIsNotTheChoosenAdapter FoundDriverCount:0 
[2018.02.19-00.30.37:197][  0]LogD3D11RHI:     Adapter Name: NVIDIA GeForce GTX 1050 Ti
[2018.02.19-00.30.37:197][  0]LogD3D11RHI:   Driver Version: Unknown (internal:Unknown, unified:Unknown)
[2018.02.19-00.30.37:197][  0]LogD3D11RHI:      Driver Date: Unknown
[2018.02.19-00.30.37:197][  0]LogRHI: Texture pool is 2821 MB (70% of 4031 MB)
[2018.02.19-00.30.37:225][  0]LogD3D11RHI: Async texture creation enabled
[2018.02.19-00.30.37:312][  0]LogD3D11RHI: GPU Timing Frequency: 1000.000000 (Debug: 2 1)
[2018.02.19-00.30.37:313][  0]LogShaderCompilers: Guid format shader working directory is -42 characters bigger than the processId version (../../../../../../Users/gahlo/Documents/Unreal Projects/03_BuildingEscape/BuildingEscape/Intermediate/Shaders/WorkingDirectory/6956/).
[2018.02.19-00.30.37:313][  0]LogShaderCompilers: Cleaned the shader compiler working directory 'C:/Users/gahlo/AppData/Local/Temp/UnrealShaderWorkingDir/2925F6124AD33A0D7BE11C9DDA400007/'.
[2018.02.19-00.30.37:313][  0]LogShaderCompilers: Display: Using Local Shader Compiler.
[2018.02.19-00.30.38:507][  0]LogTemp: Display: Loaded TP AllDesktopTargetPlatform
[2018.02.19-00.30.38:582][  0]LogTemp: Display: Loaded TP MacClientTargetPlatform
[2018.02.19-00.30.38:663][  0]LogTemp: Display: Loaded TP MacNoEditorTargetPlatform
[2018.02.19-00.30.38:738][  0]LogTemp: Display: Loaded TP MacServerTargetPlatform
[2018.02.19-00.30.38:813][  0]LogTemp: Display: Loaded TP MacTargetPlatform
[2018.02.19-00.30.38:891][  0]LogTemp: Display: Loaded TP WindowsClientTargetPlatform
[2018.02.19-00.30.39:004][  0]LogTemp: Display: Loaded TP WindowsNoEditorTargetPlatform
[2018.02.19-00.30.39:102][  0]LogTemp: Display: Loaded TP WindowsServerTargetPlatform
[2018.02.19-00.30.39:178][  0]LogTemp: Display: Loaded TP WindowsTargetPlatform
[2018.02.19-00.30.39:265][  0]LogTemp: Display: Loaded TP Android_ASTCTargetPlatform
[2018.02.19-00.30.39:334][  0]LogTemp: Display: Loaded TP Android_ATCTargetPlatform
[2018.02.19-00.30.39:402][  0]LogTemp: Display: Loaded TP Android_DXTTargetPlatform
[2018.02.19-00.30.39:472][  0]LogTemp: Display: Loaded TP Android_ETC1TargetPlatform
[2018.02.19-00.30.39:549][  0]LogTemp: Display: Loaded TP Android_ETC2TargetPlatform
[2018.02.19-00.30.39:692][  0]LogTemp: Display: Loaded TP Android_MultiTargetPlatform
[2018.02.19-00.30.39:692][  0]LogTemp: Display: Loaded TP Android_PVRTCTargetPlatform
[2018.02.19-00.30.39:768][  0]LogTemp: Display: Loaded TP AndroidTargetPlatform
[2018.02.19-00.30.39:830][  0]LogTemp: Display: Loaded TP HTML5TargetPlatform
[2018.02.19-00.30.39:955][  0]LogTemp: Display: Loaded TP IOSTargetPlatform
[2018.02.19-00.30.39:994][  0]LogTemp: Display: Loaded TP TVOSTargetPlatform
[2018.02.19-00.30.40:065][  0]LogTemp: Display: Loaded TP LinuxClientTargetPlatform
[2018.02.19-00.30.40:135][  0]LogTemp: Display: Loaded TP LinuxNoEditorTargetPlatform
[2018.02.19-00.30.40:204][  0]LogTemp: Display: Loaded TP LinuxServerTargetPlatform
[2018.02.19-00.30.40:279][  0]LogTemp: Display: Loaded TP LinuxTargetPlatform
[2018.02.19-00.30.40:279][  0]LogTargetPlatformManager: Display: Building Assets For Windows
[2018.02.19-00.30.40:972][  0]LogDerivedDataCache: Display: Max Cache Size: 512 MB
[2018.02.19-00.30.41:054][  0]LogDerivedDataCache: Loaded boot cache 0.08s 78MB C:/Users/gahlo/AppData/Local/UnrealEngine/4.18/DerivedDataCache/Boot.ddc.
[2018.02.19-00.30.41:054][  0]LogDerivedDataCache: Display: Loaded Boot cache: C:/Users/gahlo/AppData/Local/UnrealEngine/4.18/DerivedDataCache/Boot.ddc
[2018.02.19-00.30.41:055][  0]LogDerivedDataCache: FDerivedDataBackendGraph:  Pak pak cache file ../../../../../../Users/gahlo/Documents/Unreal Projects/03_BuildingEscape/BuildingEscape/DerivedDataCache/DDC.ddp not found, will not use a pak cache.
[2018.02.19-00.30.41:055][  0]LogDerivedDataCache: Unable to find inner node Pak for hierarchical cache Hierarchy.
[2018.02.19-00.30.41:055][  0]LogDerivedDataCache: FDerivedDataBackendGraph:  CompressedPak pak cache file ../../../../../../Users/gahlo/Documents/Unreal Projects/03_BuildingEscape/BuildingEscape/DerivedDataCache/Compressed.ddp not found, will not use a pak cache.
[2018.02.19-00.30.41:055][  0]LogDerivedDataCache: Unable to find inner node CompressedPak for hierarchical cache Hierarchy.
[2018.02.19-00.30.41:070][  0]LogDerivedDataCache: Display: Pak cache opened for reading ../../../Engine/DerivedDataCache/Compressed.ddp.
[2018.02.19-00.30.41:084][  0]LogDerivedDataCache: Using Local data cache path C:/Users/gahlo/AppData/Local/UnrealEngine/Common/DerivedDataCache: Writable
[2018.02.19-00.30.41:094][  0]LogMaterial: Verifying Global Shaders for PCD3D_SM5
[2018.02.19-00.30.41:095][  0]LogSlate: Using Freetype 2.6.0
[2018.02.19-00.30.41:095][  0]LogSlate: SlateFontCache - WITH_FREETYPE: 1, WITH_HARFBUZZ: 1
[2018.02.19-00.30.41:095][  0]LogSlate: SlateFontCache - WITH_FREETYPE: 1, WITH_HARFBUZZ: 1
[2018.02.19-00.30.41:489][  0]LogInit: Selected Device Profile: [Windows]
[2018.02.19-00.30.41:938][  0]LogSimplygon: Simplygon DLL not present - disabling.
[2018.02.19-00.30.42:001][  0]LogMeshReduction: Using SimplygonSwarm for distributed automatic mesh merging
[2018.02.19-00.30.42:001][  0]LogMeshReduction: Using QuadricMeshReduction for automatic static mesh reduction
[2018.02.19-00.30.42:001][  0]LogMeshReduction: No automatic skeletal mesh reduction module available
[2018.02.19-00.30.42:001][  0]LogMeshReduction: No automatic mesh merging module available
[2018.02.19-00.30.42:001][  0]LogMeshMerging: No automatic mesh merging module available
[2018.02.19-00.30.42:034][  0]LogNetVersion: BuildingEscape , NetCL: 3709383, EngineNetVer: 2, GameNetVer: 0 (Checksum: 875052629)
[2018.02.19-00.30.42:246][  0]LogAssetRegistry: FAssetRegistry took 0.0262 seconds to start up
[2018.02.19-00.30.42:908][  0]LogPackageLocalizationCache: Processed 7 localized package path(s) for 2 prioritized culture(s) in 0.133733 seconds
[2018.02.19-00.30.42:914][  0]LogUObjectArray: 35870 objects as part of root set at end of initial load.
[2018.02.19-00.30.42:914][  0]LogUObjectAllocator: 7363696 out of 0 bytes used by permanent object pool.
[2018.02.19-00.30.42:914][  0]LogUObjectArray: CloseDisregardForGC: 0/0 objects in disregard for GC pool
[2018.02.19-00.30.42:991][  0]LogInit: WinSock: version 1.1 (2.2), MaxSocks=32767, MaxUdp=65467
[2018.02.19-00.30.46:555][  0]LogTcpMessaging: Initializing TcpMessaging bridge
[2018.02.19-00.30.46:608][  0]LogUdpMessaging: Initializing bridge on interface 0.0.0.0:0 to multicast group 230.0.0.1:6666.
[2018.02.19-00.30.47:625][  0]LogMaterial: Uniform references updated for custom material expression Custom.
[2018.02.19-00.30.48:209][  0]SourceControl: Source control is disabled
[2018.02.19-00.30.48:209][  0]SourceControl: Source control is disabled
[2018.02.19-00.30.48:285][  0]SourceControl: Source control is disabled
[2018.02.19-00.30.48:362][  0]SourceControl: Source control is disabled
[2018.02.19-00.30.49:503][  0]LogAndroidPermission: UAndroidPermissionCallbackProxy::GetInstance
[2018.02.19-00.30.49:881][  0]LogOcInput: OculusInput pre-init called
[2018.02.19-00.30.50:365][  0]LogEngine: Initializing Engine...
[2018.02.19-00.30.50:368][  0]LogHMD: Failed to initialize OpenVR with code 110
[2018.02.19-00.30.50:586][  0]LogStats: UGameplayTagsManager::ConstructGameplayTagTree: Construct from data asset -  0.000 s
[2018.02.19-00.30.50:586][  0]LogStats: UGameplayTagsManager::ConstructGameplayTagTree: GameplayTagTreeChangedEvent.Broadcast -  0.000 s
[2018.02.19-00.30.50:772][  0]LogAIModule: Creating AISystem for world Untitled
[2018.02.19-00.30.50:795][  0]LogInit: XAudio2 using 'Speakers (Realtek High Definition Audio)' : 2 channels at 48 kHz using 32 bits per sample (channel mask 0x3)
[2018.02.19-00.30.50:828][  0]LogInit: FAudioDevice initialized.
[2018.02.19-00.30.50:959][  0]LogDerivedDataCache: Saved boot cache 0.13s 78MB C:/Users/gahlo/AppData/Local/UnrealEngine/4.18/DerivedDataCache/Boot.ddc.
[2018.02.19-00.30.50:974][  0]LogInit: Texture streaming: Enabled
[2018.02.19-00.30.51:118][  0]LogEngineSessionManager: EngineSessionManager initialized
[2018.02.19-00.30.51:306][  0]LogInit: Transaction tracking system initialized
[2018.02.19-00.30.51:759][  0]BlueprintLog: New page: Editor Load
[2018.02.19-00.30.53:035][  0]LocalizationService: Localization service is disabled
[2018.02.19-00.30.54:098][  0]LogConsoleResponse: Display: 
[2018.02.19-00.30.54:316][  0]LogCook: Display: Max memory allowance for cook 16384mb min free memory 0mb
[2018.02.19-00.30.54:316][  0]LogCook: Display: Mobile HDR setting 1
[2018.02.19-00.30.54:317][  0]LogGameplayTags: Display: UGameplayTagsManager::DoneAddingNativeTags. DelegateIsBound: 0
[2018.02.19-00.30.54:783][  0]LogFileCache: Scanning file cache for directory 'C:/Users/gahlo/Documents/Unreal Projects/03_BuildingEscape/BuildingEscape/Content/' took 0.02s
[2018.02.19-00.30.56:029][  0]SourceControl: Source control is disabled
[2018.02.19-00.30.56:029][  0]Cmd: MAP LOAD FILE="../../../../../../Users/gahlo/Documents/Unreal Projects/03_BuildingEscape/BuildingEscape/Content/NewMap.umap" TEMPLATE=0 SHOWPROGRESS=1 FEATURELEVEL=3
[2018.02.19-00.30.56:030][  0]LightingResults: New page: Lighting Build
[2018.02.19-00.30.56:090][  0]MapCheck: New page: Map Check
[2018.02.19-00.30.56:090][  0]LightingResults: New page: Lighting Build
[2018.02.19-00.30.57:133][  0]LogAIModule: Creating AISystem for world NewMap
[2018.02.19-00.30.57:140][  0]LogEditorServer: Finished looking for orphan Actors (0.000 secs)
[2018.02.19-00.30.57:153][  0]Cmd: MAP CHECKDEP NOCLEARLOG
[2018.02.19-00.30.57:220][  0]MapCheck: Map check complete: 0 Error(s), 0 Warning(s), took 67.249ms to complete.
[2018.02.19-00.30.57:220][  0]LogFileHelpers: Loading map 'NewMap' took 1.191
[2018.02.19-00.30.57:562][  0]LogCollectionManager: Loaded 0 collections in 0.001743 seconds
[2018.02.19-00.30.57:666][  0]LogFileCache: Scanning file cache for directory 'C:/Users/gahlo/Documents/Unreal Projects/03_BuildingEscape/BuildingEscape/Saved/Collections/' took 0.01s
[2018.02.19-00.30.57:666][  0]LogFileCache: Scanning file cache for directory 'C:/Users/gahlo/Documents/Unreal Projects/03_BuildingEscape/BuildingEscape/Content/Developers/Ghost/Collections/' took 0.01s
[2018.02.19-00.30.57:666][  0]LogFileCache: Scanning file cache for directory 'C:/Users/gahlo/Documents/Unreal Projects/03_BuildingEscape/BuildingEscape/Content/Collections/' took 0.01s
[2018.02.19-00.30.57:666][  0]LogCollectionManager: Rebuilt the GUID cache for 0 collections in 0.000001 seconds
[2018.02.19-00.30.57:674][  0]LogContentBrowser: Native class hierarchy populated in 0.0080 seconds. Added 2364 classes and 521 folders.
[2018.02.19-00.30.57:771][  0]LogContentBrowser: Native class hierarchy updated for 'WidgetCarousel' in 0.0007 seconds. Added 0 classes and 0 folders.
[2018.02.19-00.30.59:432][  0]LogContentBrowser: Native class hierarchy updated for 'AddContentDialog' in 0.0007 seconds. Added 0 classes and 0 folders.
[2018.02.19-00.30.59:576][  0]LogContentBrowser: Native class hierarchy updated for 'SceneOutliner' in 0.0007 seconds. Added 1 classes and 2 folders.
[2018.02.19-00.30.59:653][  0]LogSlate: Took 0.000308 seconds to synchronously load lazily loaded font '../../../Engine/Content/Slate/Fonts/Roboto-Regular.ttf' (155K)
[2018.02.19-00.30.59:655][  0]LogSlate: Took 0.000296 seconds to synchronously load lazily loaded font '../../../Engine/Content/Slate/Fonts/Roboto-Bold.ttf' (160K)
[2018.02.19-00.30.59:681][  0]LogSlate: Took 0.019881 seconds to synchronously load lazily loaded font '../../../Engine/Content/Editor/Slate/Fonts/FontAwesome.ttf' (139K)
[2018.02.19-00.30.59:970][  0]LogRenderer: Reallocating scene render targets to support 1140x576 Format 10 NumSamples 1 (Frame:1).
[2018.02.19-00.31.00:042][  0]LogSlate: Took 0.011936 seconds to synchronously load lazily loaded font '../../../Engine/Content/Slate/Fonts/Roboto-Light.ttf' (159K)
[2018.02.19-00.31.00:219][  0]LogContentBrowser: Native class hierarchy updated for 'HierarchicalLODOutliner' in 0.0006 seconds. Added 1 classes and 2 folders.
[2018.02.19-00.31.00:219][  0]LogLoad: (Engine Initialization) Total time: 28.55 seconds
[2018.02.19-00.31.00:219][  0]LogLoad: (Engine Initialization) Total Blueprint compile time: 0.00 seconds
[2018.02.19-00.31.00:220][  0]LogExternalProfiler: No external profilers were discovered.  External profiling features will not be available.
[2018.02.19-00.31.00:583][  0]LogContentStreaming: Texture pool size now 1000 MB
[2018.02.19-00.31.00:946][  1]LogAssetRegistry: Asset discovery search completed in 18.7224 seconds
[2018.02.19-00.31.00:949][  1]LogCollectionManager: Rebuilt the object cache for 0 collections in 0.000000 seconds (found 0 objects)
[2018.02.19-00.31.00:949][  1]LogCollectionManager: Fixed up redirectors for 0 collections in 0.000056 seconds (updated 0 objects)
[2018.02.19-01.40.35:477][663]LogEditorViewport: Clicking on Actor (LMB): StaticMeshActor (SM_Chair)
[2018.02.19-01.40.42:375][447]LogSlate: Took 0.000152 seconds to synchronously load lazily loaded font '../../../Engine/Content/Slate/Fonts/Roboto-Light.ttf' (159K)
[2018.02.19-01.40.42:533][447]LogSlate: Took 0.105722 seconds to synchronously load lazily loaded font '../../../Engine/Content/Editor/Slate/Fonts/Roboto-BoldCondensed.ttf' (158K)
[2018.02.19-01.41.52:777][447]Running C:/Program Files/Epic Games/UE_4.18/Engine/Binaries/DotNET/UnrealBuildTool.exe  -projectfiles -project="C:/Users/gahlo/Documents/Unreal Projects/03_BuildingEscape/BuildingEscape/BuildingEscape.uproject" -game -rocket -progress
[2018.02.19-01.41.53:188][447]Discovering modules, targets and source code for project...
[2018.02.19-01.42.00:317][447]LogSlate: Took 0.000532 seconds to synchronously load lazily loaded font '../../../Engine/Content/Slate/Fonts/Roboto-Regular.ttf' (155K)
[2018.02.19-01.42.03:742][447]LogVSAccessor: Warning: Couldn't access Visual Studio
[2018.02.19-01.42.03:775][447]Candidate modules for hot reload:
[2018.02.19-01.42.03:775][447]  BuildingEscape
[2018.02.19-01.42.03:775][447]Launching UnrealBuildTool... [C:/Program Files/Epic Games/UE_4.18/Engine/Binaries/DotNET/UnrealBuildTool.exe BuildingEscape -ModuleWithSuffix BuildingEscape 4823 Win64 Development -editorrecompile -canskiplink "C:/Users/gahlo/Documents/Unreal Projects/03_BuildingEscape/BuildingEscape/BuildingEscape.uproject" ]
[2018.02.19-01.44.41:045][447]CompilerResultsLog: New page: Compilation - Feb 18, 2018, 5:44:41 PM
[2018.02.19-01.44.41:045][447]CompilerResultsLog: Using 'git status' to determine working set for adaptive non-unity build.
[2018.02.19-01.44.41:045][447]CompilerResultsLog: Creating makefile for hot reloading BuildingEscape (no existing makefile)
[2018.02.19-01.44.41:045][447]CompilerResultsLog: Compiling game modules for hot reload
[2018.02.19-01.44.41:045][447]CompilerResultsLog: Parsing headers for BuildingEscapeEditor
[2018.02.19-01.44.41:045][447]CompilerResultsLog:   Running UnrealHeaderTool "C:\Users\gahlo\Documents\Unreal Projects\03_BuildingEscape\BuildingEscape\BuildingEscape.uproject" "C:\Users\gahlo\Documents\Unreal Projects\03_BuildingEscape\BuildingEscape\Intermediate\Build\Win64\BuildingEscapeEditor\Development\BuildingEscapeEditor.uhtmanifest" -LogCmds="loginit warning, logexit warning, logdatabase error" -Unattended -WarningsAsErrors -installed
[2018.02.19-01.44.41:045][447]CompilerResultsLog: Reflection code generated for BuildingEscapeEditor in 9.5478298 seconds
[2018.02.19-01.44.41:045][447]CompilerResultsLog: Performing 5 actions (4 in parallel)
[2018.02.19-01.44.41:045][447]CompilerResultsLog: PositionReporter.gen.cpp
[2018.02.19-01.44.41:045][447]CompilerResultsLog: BuildingEscape.init.gen.cpp
[2018.02.19-01.44.41:045][447]CompilerResultsLog: PositionReporter.cpp
[2018.02.19-01.44.41:045][447]CompilerResultsLog: [4/5] Link UE4Editor-BuildingEscape-4823.dll
[2018.02.19-01.44.41:045][447]CompilerResultsLog: [5/5] Link UE4Editor-BuildingEscape-4823.lib
[2018.02.19-01.44.41:045][447]CompilerResultsLog:    Creating library C:\Users\gahlo\Documents\Unreal Projects\03_BuildingEscape\BuildingEscape\Intermediate\Build\Win64\UE4Editor\Development\UE4Editor-BuildingEscape-4823.lib and object C:\Users\gahlo\Documents\Unreal Projects\03_BuildingEscape\BuildingEscape\Intermediate\Build\Win64\UE4Editor\Development\UE4Editor-BuildingEscape-4823.exp
[2018.02.19-01.44.41:045][447]CompilerResultsLog:    Creating library C:\Users\gahlo\Documents\Unreal Projects\03_BuildingEscape\BuildingEscape\Intermediate\Build\Win64\UE4Editor\Development\UE4Editor-BuildingEscape-4823.suppressed.lib and object C:\Users\gahlo\Documents\Unreal Projects\03_BuildingEscape\BuildingEscape\Intermediate\Build\Win64\UE4Editor\Development\UE4Editor-BuildingEscape-4823.suppressed.exp
[2018.02.19-01.44.41:045][447]CompilerResultsLog: Total build time: 156.94 seconds (Local executor: 63.06 seconds)
[2018.02.19-01.44.41:045][447]LogMainFrame: MainFrame: Module compiling took 157.304 seconds
[2018.02.19-01.44.41:220][447]LogClass: Could not find existing class PositionReporter in package /Script/BuildingEscape for HotReload, assuming new class
[2018.02.19-01.44.41:222][447]LogContentBrowser: Native class hierarchy updated for 'BuildingEscape' in 0.0008 seconds. Added 2 classes and 2 folders.
[2018.02.19-01.44.41:223][447]Display: HotReload successful (0 functions remapped  0 scriptstructs remapped)
[2018.02.19-01.44.41:388][447]LogContentBrowser: Native class hierarchy populated in 0.0091 seconds. Added 2367 classes and 525 folders.
[2018.02.19-01.44.41:392][447]Display: HotReload took 157.7s.
[2018.02.19-01.44.41:395][447]Warning: HotReload operation took 157.7s.
[2018.02.19-01.44.42:449][447]LogHotReload: New module detected: UE4Editor-BuildingEscape-4823.dll
[2018.02.19-01.44.42:566][448]LogHotReload: Starting Hot-Reload from IDE
[2018.02.19-01.44.42:674][448]LogContentBrowser: Native class hierarchy updated for 'BuildingEscape' in 0.0008 seconds. Added 2 classes and 2 folders.
[2018.02.19-01.44.42:675][448]Display: HotReload successful (0 functions remapped  0 scriptstructs remapped)
[2018.02.19-01.44.42:694][448]LogContentBrowser: Native class hierarchy populated in 0.0085 seconds. Added 2367 classes and 525 folders.
[2018.02.19-01.44.42:701][448]Display: HotReload took  0.1s.
[2018.02.19-01.44.43:091][456]LogSlate: Took 0.000226 seconds to synchronously load lazily loaded font '../../../Engine/Content/Slate/Fonts/Roboto-Light.ttf' (159K)
[2018.02.19-01.44.52:207][506]LogSavePackage: Save=76.03ms
[2018.02.19-01.44.52:208][506]LogSavePackage: Moving '../../../../../../Users/gahlo/Documents/Unreal Projects/03_BuildingEscape/BuildingEscape/Saved/NewMap_Auto1143F8D0D46629AAC4FBD90AC92152562.tmp' to '../../../../../../Users/gahlo/Documents/Unreal Projects/03_BuildingEscape/BuildingEscape/Saved/Autosaves/Game/NewMap_Auto1.umap'
[2018.02.19-01.44.52:210][506]LogSavePackage: Display: Finished SavePackage ../../../../../../Users/gahlo/Documents/Unreal Projects/03_BuildingEscape/BuildingEscape/Saved/Autosaves/Game/NewMap_Auto1.umap
[2018.02.19-01.44.52:216][506]LogFileHelpers: Editor autosave (incl. sublevels) for '/Game/NewMap' took 0.118
[2018.02.19-01.44.52:216][506]LogFileHelpers: Editor autosave (incl. sublevels) for all levels took 0.118
[2018.02.19-01.45.11:719][872]LogVSAccessor: Warning: Visual Studio is open but could not be queried - it may be blocked by a modal operation
[2018.02.19-01.46.07:136][ 37]LogVSAccessor: Warning: Visual Studio is open but could not be queried - it may be blocked by a modal operation
[2018.02.19-01.46.07:457][ 38]LogVSAccessor: Warning: Visual Studio is open but could not be queried - it may be blocked by a modal operation
[2018.02.19-01.46.07:790][ 39]LogVSAccessor: Warning: Visual Studio is open but could not be queried - it may be blocked by a modal operation
[2018.02.19-01.46.08:124][ 40]LogVSAccessor: Warning: Visual Studio is open but could not be queried - it may be blocked by a modal operation
[2018.02.19-01.46.08:458][ 41]LogVSAccessor: Warning: Visual Studio is open but could not be queried - it may be blocked by a modal operation
[2018.02.19-01.46.08:790][ 42]LogVSAccessor: Warning: Visual Studio is open but could not be queried - it may be blocked by a modal operation
[2018.02.19-01.46.09:124][ 43]LogVSAccessor: Warning: Visual Studio is open but could not be queried - it may be blocked by a modal operation
[2018.02.19-01.46.09:457][ 44]LogVSAccessor: Warning: Visual Studio is open but could not be queried - it may be blocked by a modal operation
[2018.02.19-01.46.09:790][ 45]LogVSAccessor: Warning: Visual Studio is open but could not be queried - it may be blocked by a modal operation
[2018.02.19-01.46.10:124][ 46]LogVSAccessor: Warning: Visual Studio is open but could not be queried - it may be blocked by a modal operation
[2018.02.19-01.46.10:458][ 47]LogVSAccessor: Warning: Visual Studio is open but could not be queried - it may be blocked by a modal operation
[2018.02.19-01.46.10:791][ 48]LogVSAccessor: Warning: Visual Studio is open but could not be queried - it may be blocked by a modal operation
[2018.02.19-01.46.11:123][ 49]LogVSAccessor: Warning: Visual Studio is open but could not be queried - it may be blocked by a modal operation
[2018.02.19-01.46.11:457][ 50]LogVSAccessor: Warning: Visual Studio is open but could not be queried - it may be blocked by a modal operation
[2018.02.19-01.46.11:790][ 51]LogVSAccessor: Warning: Visual Studio is open but could not be queried - it may be blocked by a modal operation
[2018.02.19-01.46.12:123][ 52]LogVSAccessor: Warning: Visual Studio is open but could not be queried - it may be blocked by a modal operation
[2018.02.19-01.46.12:457][ 53]LogVSAccessor: Warning: Visual Studio is open but could not be queried - it may be blocked by a modal operation
[2018.02.19-01.46.12:791][ 54]LogVSAccessor: Warning: Visual Studio is open but could not be queried - it may be blocked by a modal operation
[2018.02.19-01.46.13:123][ 55]LogVSAccessor: Warning: Visual Studio is open but could not be queried - it may be blocked by a modal operation
[2018.02.19-01.46.13:457][ 56]LogVSAccessor: Warning: Visual Studio is open but could not be queried - it may be blocked by a modal operation
[2018.02.19-01.46.14:113][ 57]LogVSAccessor: Warning: Visual Studio is open but could not be queried - it may be blocked by a modal operation
[2018.02.19-01.46.14:127][ 58]LogVSAccessor: Warning: Visual Studio is open but could not be queried - it may be blocked by a modal operation
[2018.02.19-01.49.42:421][ 50]LogWindows: LaunchFileInExternalEditor C:/Users/gahlo/Documents/Unreal Projects/03_BuildingEscape/BuildingEscape/Source/BuildingEscape/PositionReporter.h 
[2018.02.19-01.49.43:226][ 50]LogWindows: Launch application code for C:/Users/gahlo/Documents/Unreal Projects/03_BuildingEscape/BuildingEscape/Source/BuildingEscape/PositionReporter.h : 42
[2018.02.19-01.49.43:226][ 50]LogWindows: LaunchFileInExternalEditor C:/Users/gahlo/Documents/Unreal Projects/03_BuildingEscape/BuildingEscape/Source/BuildingEscape/PositionReporter.cpp 
[2018.02.19-01.49.43:595][ 50]LogWindows: Launch application code for C:/Users/gahlo/Documents/Unreal Projects/03_BuildingEscape/BuildingEscape/Source/BuildingEscape/PositionReporter.cpp : 42
[2018.02.19-01.49.43:595][ 50]LogVSAccessor: Warning: Couldn't access Visual Studio
[2018.02.19-01.49.43:601][ 50]LogVSAccessor: Warning: Couldn't access module table
[2018.02.19-01.49.43:601][ 50]LogVSAccessor: Warning: Couldn't access module table
[2018.02.19-01.49.43:602][ 50]LogVSAccessor: Warning: Couldn't access module table
[2018.02.19-01.49.43:602][ 50]LogVSAccessor: Warning: Couldn't access module table
[2018.02.19-01.49.43:602][ 50]LogVSAccessor: Warning: Couldn't access module table
[2018.02.19-01.49.43:602][ 50]LogVSAccessor: Warning: Couldn't access module table
[2018.02.19-01.49.43:602][ 50]LogVSAccessor: Warning: Couldn't access module table
[2018.02.19-01.49.43:602][ 50]LogVSAccessor: Warning: Couldn't access module table
[2018.02.19-01.49.43:602][ 50]LogVSAccessor: Warning: Couldn't access module table
[2018.02.19-01.49.43:602][ 50]LogVSAccessor: Warning: Couldn't access module table
[2018.02.19-01.49.43:602][ 50]LogVSAccessor: Warning: Couldn't access module table
[2018.02.19-01.49.43:603][ 50]LogVSAccessor: Warning: Couldn't access module table
[2018.02.19-01.49.43:603][ 50]LogVSAccessor: Warning: Couldn't access module table
[2018.02.19-01.49.43:603][ 50]LogVSAccessor: Warning: Couldn't access module table
[2018.02.19-01.49.43:603][ 50]LogVSAccessor: Warning: Couldn't access module table
[2018.02.19-01.49.43:603][ 50]LogVSAccessor: Warning: Couldn't access module table
[2018.02.19-01.49.43:603][ 50]LogVSAccessor: Warning: Couldn't access module table
[2018.02.19-01.49.43:603][ 50]LogVSAccessor: Warning: Couldn't access module table
[2018.02.19-01.49.43:603][ 50]LogVSAccessor: Warning: Couldn't access module table
[2018.02.19-01.49.43:603][ 50]LogVSAccessor: Warning: Couldn't access module table
[2018.02.19-01.49.43:603][ 50]LogVSAccessor: Warning: Couldn't access module table
[2018.02.19-01.49.43:604][ 50]LogVSAccessor: Warning: Couldn't access module table
[2018.02.19-01.49.43:604][ 50]LogVSAccessor: Warning: Couldn't access module table
[2018.02.19-01.49.43:604][ 50]LogVSAccessor: Warning: Couldn't access module table
[2018.02.19-01.49.43:604][ 50]LogVSAccessor: Warning: Couldn't access module table
[2018.02.19-01.49.43:604][ 50]LogVSAccessor: Warning: Couldn't access module table
[2018.02.19-01.49.43:604][ 50]LogVSAccessor: Warning: Couldn't access module table
[2018.02.19-01.49.43:604][ 50]LogVSAccessor: Warning: Couldn't access module table
[2018.02.19-01.49.43:604][ 50]LogVSAccessor: Warning: Couldn't access module table
[2018.02.19-01.49.43:604][ 50]LogVSAccessor: Warning: Couldn't access module table
[2018.02.19-01.49.43:604][ 50]LogVSAccessor: Warning: Couldn't access module table
[2018.02.19-01.49.43:605][ 50]LogVSAccessor: Warning: Couldn't access module table
[2018.02.19-01.49.43:605][ 50]LogVSAccessor: Warning: Couldn't access module table
[2018.02.19-01.49.43:605][ 50]LogVSAccessor: Warning: Couldn't access module table
[2018.02.19-01.49.43:605][ 50]LogVSAccessor: Warning: Couldn't access module table
[2018.02.19-01.49.43:605][ 50]LogVSAccessor: Warning: Couldn't access module table
[2018.02.19-01.49.43:605][ 50]LogVSAccessor: Warning: Couldn't access module table
[2018.02.19-01.49.43:605][ 50]LogVSAccessor: Warning: Couldn't access module table
[2018.02.19-01.49.43:605][ 50]LogVSAccessor: Warning: Couldn't access module table
[2018.02.19-01.49.43:606][ 50]LogVSAccessor: Warning: Couldn't access module table
[2018.02.19-01.49.43:606][ 50]LogVSAccessor: Warning: Couldn't access module table
[2018.02.19-01.49.43:606][ 50]LogVSAccessor: Warning: Couldn't access module table
[2018.02.19-01.49.43:606][ 50]LogVSAccessor: Warning: Couldn't access module table
[2018.02.19-01.49.43:606][ 50]LogVSAccessor: Warning: Couldn't access module table
[2018.02.19-01.49.43:606][ 50]LogVSAccessor: Warning: Couldn't access module table
[2018.02.19-01.49.43:606][ 50]LogVSAccessor: Warning: Couldn't access module table
[2018.02.19-01.49.43:606][ 50]LogVSAccessor: Warning: Couldn't access module table
[2018.02.19-01.49.43:606][ 50]LogVSAccessor: Warning: Couldn't access module table
[2018.02.19-01.49.43:607][ 50]LogVSAccessor: Warning: Couldn't access module table
[2018.02.19-01.49.43:607][ 50]LogVSAccessor: Warning: Couldn't access module table
[2018.02.19-01.49.43:607][ 50]LogVSAccessor: Warning: Couldn't access module table
[2018.02.19-01.49.43:607][ 50]LogVSAccessor: Warning: Couldn't access module table
[2018.02.19-01.49.43:607][ 50]LogVSAccessor: Warning: Couldn't access module table
[2018.02.19-01.49.43:607][ 50]LogVSAccessor: Warning: Couldn't access module table
[2018.02.19-01.49.43:607][ 50]LogVSAccessor: Warning: Couldn't access module table
[2018.02.19-01.49.43:607][ 50]LogVSAccessor: Warning: Couldn't access module table
[2018.02.19-01.49.43:608][ 50]LogVSAccessor: Warning: Couldn't access module table
[2018.02.19-01.49.43:608][ 50]LogVSAccessor: Warning: Couldn't access module table
[2018.02.19-01.49.43:608][ 50]LogVSAccessor: Warning: Couldn't access module table
[2018.02.19-01.49.43:608][ 50]LogVSAccessor: Warning: Couldn't access module table
[2018.02.19-01.49.43:608][ 50]LogVSAccessor: Warning: Couldn't access module table
[2018.02.19-01.49.43:608][ 50]LogVSAccessor: Warning: Couldn't access module table
[2018.02.19-01.49.43:608][ 50]LogVSAccessor: Warning: Couldn't access module table
[2018.02.19-01.49.43:608][ 50]LogVSAccessor: Warning: Couldn't access module table
[2018.02.19-01.49.43:608][ 50]LogVSAccessor: Warning: Couldn't access module table
[2018.02.19-01.49.43:609][ 50]LogVSAccessor: Warning: Couldn't access module table
[2018.02.19-01.49.43:609][ 50]LogVSAccessor: Warning: Couldn't access module table
[2018.02.19-01.49.43:609][ 50]LogVSAccessor: Warning: Couldn't access module table
[2018.02.19-01.49.43:609][ 50]LogVSAccessor: Warning: Couldn't access module table
[2018.02.19-01.49.43:609][ 50]LogVSAccessor: Warning: Couldn't access module table
[2018.02.19-01.49.43:609][ 50]LogVSAccessor: Warning: Couldn't access module table
[2018.02.19-01.49.43:609][ 50]LogVSAccessor: Warning: Couldn't access module table
[2018.02.19-01.49.43:609][ 50]LogVSAccessor: Warning: Couldn't access module table
[2018.02.19-01.49.43:609][ 50]LogVSAccessor: Warning: Couldn't access module table
[2018.02.19-01.49.43:610][ 50]LogVSAccessor: Warning: Couldn't access module table
[2018.02.19-01.49.43:610][ 50]LogVSAccessor: Warning: Couldn't access module table
[2018.02.19-01.49.43:610][ 50]LogVSAccessor: Warning: Couldn't access module table
[2018.02.19-01.49.43:610][ 50]LogVSAccessor: Warning: Couldn't access module table
[2018.02.19-01.49.43:610][ 50]LogVSAccessor: Warning: Couldn't access module table
[2018.02.19-01.49.43:610][ 50]LogVSAccessor: Warning: Couldn't access module table
[2018.02.19-01.49.43:610][ 50]LogVSAccessor: Warning: Couldn't access module table
[2018.02.19-01.49.43:610][ 50]LogVSAccessor: Warning: Couldn't access module table
[2018.02.19-01.49.43:610][ 50]LogVSAccessor: Warning: Couldn't access module table
[2018.02.19-01.49.43:611][ 50]LogVSAccessor: Warning: Couldn't access module table
[2018.02.19-01.49.43:611][ 50]LogVSAccessor: Warning: Couldn't access module table
[2018.02.19-01.49.43:611][ 50]LogVSAccessor: Warning: Couldn't access module table
[2018.02.19-01.49.43:611][ 50]LogVSAccessor: Warning: Couldn't access module table
[2018.02.19-01.49.43:611][ 50]LogVSAccessor: Warning: Couldn't access module table
[2018.02.19-01.49.43:611][ 50]LogVSAccessor: Warning: Couldn't access module table
[2018.02.19-01.49.43:611][ 50]LogVSAccessor: Warning: Couldn't access module table
[2018.02.19-01.49.43:611][ 50]LogVSAccessor: Warning: Couldn't access module table
[2018.02.19-01.49.43:612][ 50]LogVSAccessor: Warning: Couldn't access module table
[2018.02.19-01.49.43:612][ 50]LogVSAccessor: Warning: Couldn't access module table
[2018.02.19-01.49.43:612][ 50]LogVSAccessor: Warning: Couldn't access module table
[2018.02.19-01.49.43:612][ 50]LogVSAccessor: Warning: Couldn't access module table
[2018.02.19-01.49.43:612][ 50]LogVSAccessor: Warning: Couldn't access module table
[2018.02.19-01.49.43:613][ 50]LogVSAccessor: Warning: Couldn't access module table
[2018.02.19-01.49.43:613][ 50]LogVSAccessor: Warning: Couldn't access module table
[2018.02.19-01.49.43:613][ 50]LogVSAccessor: Warning: Couldn't access module table
[2018.02.19-01.49.43:613][ 50]LogVSAccessor: Warning: Couldn't access module table
[2018.02.19-01.49.43:613][ 50]LogVSAccessor: Warning: Couldn't access module table
[2018.02.19-01.49.43:613][ 50]LogVSAccessor: Warning: Couldn't access module table
[2018.02.19-01.49.43:613][ 50]LogVSAccessor: Warning: Couldn't access module table
[2018.02.19-01.49.43:614][ 50]LogVSAccessor: Warning: Couldn't access module table
[2018.02.19-01.49.43:614][ 50]LogVSAccessor: Warning: Couldn't access module table
[2018.02.19-01.49.43:614][ 50]LogVSAccessor: Warning: Couldn't access module table
[2018.02.19-01.49.43:614][ 50]LogVSAccessor: Warning: Couldn't access module table
[2018.02.19-01.49.43:614][ 50]LogVSAccessor: Warning: Couldn't access module table
[2018.02.19-01.49.43:614][ 50]LogVSAccessor: Warning: Couldn't access module table
[2018.02.19-01.49.43:616][ 50]LogVSAccessor: Warning: Couldn't access module table
[2018.02.19-01.49.43:619][ 50]LogVSAccessor: Warning: Couldn't access module table
[2018.02.19-01.49.43:622][ 50]LogVSAccessor: Warning: Couldn't access module table
[2018.02.19-01.49.43:658][ 50]LogVSAccessor: Warning: Couldn't access module table
[2018.02.19-01.49.43:660][ 50]LogVSAccessor: Warning: Couldn't access module table
[2018.02.19-01.49.43:679][ 50]LogVSAccessor: Warning: Couldn't access module table
[2018.02.19-01.49.43:681][ 50]LogVSAccessor: Warning: Couldn't access module table
[2018.02.19-01.49.43:714][ 50]LogVSAccessor: Warning: Couldn't access module table
[2018.02.19-01.49.43:715][ 50]LogVSAccessor: Warning: Couldn't access module table
[2018.02.19-01.49.43:715][ 50]LogVSAccessor: Warning: Couldn't access module table
[2018.02.19-01.50.22:423][603]LogVSAccessor: Warning: Visual Studio is open but could not be queried - it may be blocked by a modal operation
[2018.02.19-01.50.53:379][692]LogVSAccessor: Warning: Visual Studio is open but could not be queried - it may be blocked by a modal operation
[2018.02.19-01.50.53:401][693]LogVSAccessor: Warning: Visual Studio is open but could not be queried - it may be blocked by a modal operation
[2018.02.19-01.51.23:657][200]LogVSAccessor: Warning: Visual Studio is open but could not be queried - it may be blocked by a modal operation
[2018.02.19-01.51.23:954][201]LogVSAccessor: Warning: Visual Studio is open but could not be queried - it may be blocked by a modal operation
[2018.02.19-01.51.24:289][202]LogVSAccessor: Warning: Visual Studio is open but could not be queried - it may be blocked by a modal operation
[2018.02.19-01.51.24:621][203]LogVSAccessor: Warning: Visual Studio is open but could not be queried - it may be blocked by a modal operation
[2018.02.19-01.51.24:954][204]LogVSAccessor: Warning: Visual Studio is open but could not be queried - it may be blocked by a modal operation
[2018.02.19-01.51.25:288][205]LogVSAccessor: Warning: Visual Studio is open but could not be queried - it may be blocked by a modal operation
[2018.02.19-01.51.25:621][206]LogVSAccessor: Warning: Visual Studio is open but could not be queried - it may be blocked by a modal operation
[2018.02.19-01.51.25:954][207]LogVSAccessor: Warning: Visual Studio is open but could not be queried - it may be blocked by a modal operation
[2018.02.19-01.51.26:287][208]LogVSAccessor: Warning: Visual Studio is open but could not be queried - it may be blocked by a modal operation
[2018.02.19-01.51.26:621][209]LogVSAccessor: Warning: Visual Studio is open but could not be queried - it may be blocked by a modal operation
[2018.02.19-01.51.26:955][210]LogVSAccessor: Warning: Visual Studio is open but could not be queried - it may be blocked by a modal operation
[2018.02.19-01.51.27:288][211]LogVSAccessor: Warning: Visual Studio is open but could not be queried - it may be blocked by a modal operation
[2018.02.19-01.51.27:621][212]LogVSAccessor: Warning: Visual Studio is open but could not be queried - it may be blocked by a modal operation
[2018.02.19-01.51.27:955][213]LogVSAccessor: Warning: Visual Studio is open but could not be queried - it may be blocked by a modal operation
[2018.02.19-01.51.28:288][214]LogVSAccessor: Warning: Visual Studio is open but could not be queried - it may be blocked by a modal operation
[2018.02.19-01.51.28:622][215]LogVSAccessor: Warning: Visual Studio is open but could not be queried - it may be blocked by a modal operation
[2018.02.19-01.51.29:067][216]LogVSAccessor: Warning: Visual Studio is open but could not be queried - it may be blocked by a modal operation
[2018.02.19-01.51.29:288][217]LogVSAccessor: Warning: Visual Studio is open but could not be queried - it may be blocked by a modal operation
[2018.02.19-01.51.29:621][218]LogVSAccessor: Warning: Visual Studio is open but could not be queried - it may be blocked by a modal operation
[2018.02.19-01.51.29:954][219]LogVSAccessor: Warning: Visual Studio is open but could not be queried - it may be blocked by a modal operation
[2018.02.19-01.51.30:287][220]LogVSAccessor: Warning: Visual Studio is open but could not be queried - it may be blocked by a modal operation
[2018.02.19-01.51.30:621][221]LogVSAccessor: Warning: Visual Studio is open but could not be queried - it may be blocked by a modal operation
[2018.02.19-01.51.30:954][222]LogVSAccessor: Warning: Visual Studio is open but could not be queried - it may be blocked by a modal operation
[2018.02.19-01.51.31:288][223]LogVSAccessor: Warning: Visual Studio is open but could not be queried - it may be blocked by a modal operation
[2018.02.19-01.51.31:622][224]LogVSAccessor: Warning: Visual Studio is open but could not be queried - it may be blocked by a modal operation
[2018.02.19-01.51.31:954][225]LogVSAccessor: Warning: Visual Studio is open but could not be queried - it may be blocked by a modal operation
[2018.02.19-01.51.32:288][226]LogVSAccessor: Warning: Visual Studio is open but could not be queried - it may be blocked by a modal operation
[2018.02.19-01.51.32:621][227]LogVSAccessor: Warning: Visual Studio is open but could not be queried - it may be blocked by a modal operation
[2018.02.19-01.51.32:955][228]LogVSAccessor: Warning: Visual Studio is open but could not be queried - it may be blocked by a modal operation
[2018.02.19-01.51.33:288][229]LogVSAccessor: Warning: Visual Studio is open but could not be queried - it may be blocked by a modal operation
[2018.02.19-01.51.33:621][230]LogVSAccessor: Warning: Visual Studio is open but could not be queried - it may be blocked by a modal operation
[2018.02.19-01.51.33:954][231]LogVSAccessor: Warning: Visual Studio is open but could not be queried - it may be blocked by a modal operation
[2018.02.19-01.51.34:288][232]LogVSAccessor: Warning: Visual Studio is open but could not be queried - it may be blocked by a modal operation
[2018.02.19-01.51.34:621][233]LogVSAccessor: Warning: Visual Studio is open but could not be queried - it may be blocked by a modal operation
[2018.02.19-01.51.34:954][234]LogVSAccessor: Warning: Visual Studio is open but could not be queried - it may be blocked by a modal operation
[2018.02.19-01.51.35:288][235]LogVSAccessor: Warning: Visual Studio is open but could not be queried - it may be blocked by a modal operation
[2018.02.19-01.51.35:621][236]LogVSAccessor: Warning: Visual Studio is open but could not be queried - it may be blocked by a modal operation
[2018.02.19-01.51.35:954][237]LogVSAccessor: Warning: Visual Studio is open but could not be queried - it may be blocked by a modal operation
[2018.02.19-01.51.36:289][238]LogVSAccessor: Warning: Visual Studio is open but could not be queried - it may be blocked by a modal operation
[2018.02.19-01.51.36:621][239]LogVSAccessor: Warning: Visual Studio is open but could not be queried - it may be blocked by a modal operation
[2018.02.19-01.51.36:955][240]LogVSAccessor: Warning: Visual Studio is open but could not be queried - it may be blocked by a modal operation
[2018.02.19-01.51.37:288][241]LogVSAccessor: Warning: Visual Studio is open but could not be queried - it may be blocked by a modal operation
[2018.02.19-01.51.37:621][242]LogVSAccessor: Warning: Visual Studio is open but could not be queried - it may be blocked by a modal operation
[2018.02.19-01.51.37:954][243]LogVSAccessor: Warning: Visual Studio is open but could not be queried - it may be blocked by a modal operation
[2018.02.19-01.51.38:287][244]LogVSAccessor: Warning: Visual Studio is open but could not be queried - it may be blocked by a modal operation
[2018.02.19-01.51.38:622][245]LogVSAccessor: Warning: Visual Studio is open but could not be queried - it may be blocked by a modal operation
[2018.02.19-01.51.38:955][246]LogVSAccessor: Warning: Visual Studio is open but could not be queried - it may be blocked by a modal operation
[2018.02.19-01.51.39:288][247]LogVSAccessor: Warning: Visual Studio is open but could not be queried - it may be blocked by a modal operation
[2018.02.19-01.51.39:622][248]LogVSAccessor: Warning: Visual Studio is open but could not be queried - it may be blocked by a modal operation
[2018.02.19-01.51.39:954][249]LogVSAccessor: Warning: Visual Studio is open but could not be queried - it may be blocked by a modal operation
[2018.02.19-01.51.40:287][250]LogVSAccessor: Warning: Visual Studio is open but could not be queried - it may be blocked by a modal operation
[2018.02.19-01.51.40:621][251]LogVSAccessor: Warning: Visual Studio is open but could not be queried - it may be blocked by a modal operation
[2018.02.19-01.51.40:954][252]LogVSAccessor: Warning: Visual Studio is open but could not be queried - it may be blocked by a modal operation
[2018.02.19-01.51.41:288][253]LogVSAccessor: Warning: Visual Studio is open but could not be queried - it may be blocked by a modal operation
[2018.02.19-01.51.41:621][254]LogVSAccessor: Warning: Visual Studio is open but could not be queried - it may be blocked by a modal operation
[2018.02.19-01.51.41:954][255]LogVSAccessor: Warning: Visual Studio is open but could not be queried - it may be blocked by a modal operation
[2018.02.19-01.51.42:288][256]LogVSAccessor: Warning: Visual Studio is open but could not be queried - it may be blocked by a modal operation
[2018.02.19-01.51.42:621][257]LogVSAccessor: Warning: Visual Studio is open but could not be queried - it may be blocked by a modal operation
[2018.02.19-01.51.42:954][258]LogVSAccessor: Warning: Visual Studio is open but could not be queried - it may be blocked by a modal operation
[2018.02.19-01.51.43:288][259]LogVSAccessor: Warning: Visual Studio is open but could not be queried - it may be blocked by a modal operation
[2018.02.19-01.51.43:622][260]LogVSAccessor: Warning: Visual Studio is open but could not be queried - it may be blocked by a modal operation
[2018.02.19-01.51.43:954][261]LogVSAccessor: Warning: Visual Studio is open but could not be queried - it may be blocked by a modal operation
[2018.02.19-01.51.44:289][262]LogVSAccessor: Warning: Visual Studio is open but could not be queried - it may be blocked by a modal operation
[2018.02.19-01.51.44:621][263]LogVSAccessor: Warning: Visual Studio is open but could not be queried - it may be blocked by a modal operation
[2018.02.19-01.51.44:955][264]LogVSAccessor: Warning: Visual Studio is open but could not be queried - it may be blocked by a modal operation
[2018.02.19-01.51.45:288][265]LogVSAccessor: Warning: Visual Studio is open but could not be queried - it may be blocked by a modal operation
[2018.02.19-01.51.45:621][266]LogVSAccessor: Warning: Visual Studio is open but could not be queried - it may be blocked by a modal operation
[2018.02.19-01.51.45:954][267]LogVSAccessor: Warning: Visual Studio is open but could not be queried - it may be blocked by a modal operation
[2018.02.19-01.51.46:288][268]LogVSAccessor: Warning: Visual Studio is open but could not be queried - it may be blocked by a modal operation
[2018.02.19-01.51.46:621][269]LogVSAccessor: Warning: Visual Studio is open but could not be queried - it may be blocked by a modal operation
[2018.02.19-01.51.46:955][270]LogVSAccessor: Warning: Visual Studio is open but could not be queried - it may be blocked by a modal operation
[2018.02.19-01.51.47:381][271]LogVSAccessor: Warning: Visual Studio is open but could not be queried - it may be blocked by a modal operation
[2018.02.19-01.53.21:764][812]LogVSAccessor: Warning: Visual Studio is open but could not be queried - it may be blocked by a modal operation
[2018.02.19-01.55.17:754][160]LogWindows: LaunchFileInExternalEditor C:/Users/gahlo/Documents/Unreal Projects/03_BuildingEscape/BuildingEscape/Source/BuildingEscape/PositionReporter.h 
[2018.02.19-01.55.18:094][160]LogWindows: Launch application code for C:/Users/gahlo/Documents/Unreal Projects/03_BuildingEscape/BuildingEscape/Source/BuildingEscape/PositionReporter.h : 42
[2018.02.19-01.55.18:094][160]LogWindows: LaunchFileInExternalEditor C:/Users/gahlo/Documents/Unreal Projects/03_BuildingEscape/BuildingEscape/Source/BuildingEscape/PositionReporter.cpp 
[2018.02.19-01.55.18:339][160]LogWindows: Launch application code for C:/Users/gahlo/Documents/Unreal Projects/03_BuildingEscape/BuildingEscape/Source/BuildingEscape/PositionReporter.cpp : 42
[2018.02.19-01.55.18:339][160]LogVSAccessor: Warning: Couldn't access Visual Studio
[2018.02.19-01.55.18:344][160]LogVSAccessor: Warning: Couldn't access module table
[2018.02.19-01.55.18:344][160]LogVSAccessor: Warning: Couldn't access module table
[2018.02.19-01.55.18:344][160]LogVSAccessor: Warning: Couldn't access module table
[2018.02.19-01.55.18:344][160]LogVSAccessor: Warning: Couldn't access module table
[2018.02.19-01.55.18:344][160]LogVSAccessor: Warning: Couldn't access module table
[2018.02.19-01.55.18:344][160]LogVSAccessor: Warning: Couldn't access module table
[2018.02.19-01.55.18:345][160]LogVSAccessor: Warning: Couldn't access module table
[2018.02.19-01.55.18:345][160]LogVSAccessor: Warning: Couldn't access module table
[2018.02.19-01.55.18:345][160]LogVSAccessor: Warning: Couldn't access module table
[2018.02.19-01.55.18:345][160]LogVSAccessor: Warning: Couldn't access module table
[2018.02.19-01.55.18:345][160]LogVSAccessor: Warning: Couldn't access module table
[2018.02.19-01.55.18:345][160]LogVSAccessor: Warning: Couldn't access module table
[2018.02.19-01.55.18:345][160]LogVSAccessor: Warning: Couldn't access module table
[2018.02.19-01.55.18:345][160]LogVSAccessor: Warning: Couldn't access module table
[2018.02.19-01.55.18:345][160]LogVSAccessor: Warning: Couldn't access module table
[2018.02.19-01.55.18:345][160]LogVSAccessor: Warning: Couldn't access module table
[2018.02.19-01.55.18:346][160]LogVSAccessor: Warning: Couldn't access module table
[2018.02.19-01.55.18:346][160]LogVSAccessor: Warning: Couldn't access module table
[2018.02.19-01.55.18:346][160]LogVSAccessor: Warning: Couldn't access module table
[2018.02.19-01.55.18:346][160]LogVSAccessor: Warning: Couldn't access module table
[2018.02.19-01.55.18:346][160]LogVSAccessor: Warning: Couldn't access module table
[2018.02.19-01.55.18:346][160]LogVSAccessor: Warning: Couldn't access module table
[2018.02.19-01.55.18:346][160]LogVSAccessor: Warning: Couldn't access module table
[2018.02.19-01.55.18:346][160]LogVSAccessor: Warning: Couldn't access module table
[2018.02.19-01.55.18:346][160]LogVSAccessor: Warning: Couldn't access module table
[2018.02.19-01.55.18:346][160]LogVSAccessor: Warning: Couldn't access module table
[2018.02.19-01.55.18:346][160]LogVSAccessor: Warning: Couldn't access module table
[2018.02.19-01.55.18:347][160]LogVSAccessor: Warning: Couldn't access module table
[2018.02.19-01.55.18:347][160]LogVSAccessor: Warning: Couldn't access module table
[2018.02.19-01.55.18:347][160]LogVSAccessor: Warning: Couldn't access module table
[2018.02.19-01.55.18:347][160]LogVSAccessor: Warning: Couldn't access module table
[2018.02.19-01.55.18:347][160]LogVSAccessor: Warning: Couldn't access module table
[2018.02.19-01.55.18:347][160]LogVSAccessor: Warning: Couldn't access module table
[2018.02.19-01.55.18:347][160]LogVSAccessor: Warning: Couldn't access module table
[2018.02.19-01.55.18:347][160]LogVSAccessor: Warning: Couldn't access module table
[2018.02.19-01.55.18:347][160]LogVSAccessor: Warning: Couldn't access module table
[2018.02.19-01.55.18:348][160]LogVSAccessor: Warning: Couldn't access module table
[2018.02.19-01.55.18:348][160]LogVSAccessor: Warning: Couldn't access module table
[2018.02.19-01.55.18:348][160]LogVSAccessor: Warning: Couldn't access module table
[2018.02.19-01.55.18:348][160]LogVSAccessor: Warning: Couldn't access module table
[2018.02.19-01.55.18:348][160]LogVSAccessor: Warning: Couldn't access module table
[2018.02.19-01.55.18:348][160]LogVSAccessor: Warning: Couldn't access module table
[2018.02.19-01.55.18:348][160]LogVSAccessor: Warning: Couldn't access module table
[2018.02.19-01.55.18:348][160]LogVSAccessor: Warning: Couldn't access module table
[2018.02.19-01.55.18:348][160]LogVSAccessor: Warning: Couldn't access module table
[2018.02.19-01.55.18:348][160]LogVSAccessor: Warning: Couldn't access module table
[2018.02.19-01.55.18:349][160]LogVSAccessor: Warning: Couldn't access module table
[2018.02.19-01.55.18:349][160]LogVSAccessor: Warning: Couldn't access module table
[2018.02.19-01.55.18:349][160]LogVSAccessor: Warning: Couldn't access module table
[2018.02.19-01.55.18:349][160]LogVSAccessor: Warning: Couldn't access module table
[2018.02.19-01.55.18:349][160]LogVSAccessor: Warning: Couldn't access module table
[2018.02.19-01.55.18:349][160]LogVSAccessor: Warning: Couldn't access module table
[2018.02.19-01.55.18:349][160]LogVSAccessor: Warning: Couldn't access module table
[2018.02.19-01.55.18:349][160]LogVSAccessor: Warning: Couldn't access module table
[2018.02.19-01.55.18:349][160]LogVSAccessor: Warning: Couldn't access module table
[2018.02.19-01.55.18:350][160]LogVSAccessor: Warning: Couldn't access module table
[2018.02.19-01.55.18:350][160]LogVSAccessor: Warning: Couldn't access module table
[2018.02.19-01.55.18:350][160]LogVSAccessor: Warning: Couldn't access module table
[2018.02.19-01.55.18:350][160]LogVSAccessor: Warning: Couldn't access module table
[2018.02.19-01.55.18:350][160]LogVSAccessor: Warning: Couldn't access module table
[2018.02.19-01.55.18:350][160]LogVSAccessor: Warning: Couldn't access module table
[2018.02.19-01.55.18:350][160]LogVSAccessor: Warning: Couldn't access module table
[2018.02.19-01.55.18:350][160]LogVSAccessor: Warning: Couldn't access module table
[2018.02.19-01.55.18:350][160]LogVSAccessor: Warning: Couldn't access module table
[2018.02.19-01.55.18:351][160]LogVSAccessor: Warning: Couldn't access module table
[2018.02.19-01.55.18:351][160]LogVSAccessor: Warning: Couldn't access module table
[2018.02.19-01.55.18:351][160]LogVSAccessor: Warning: Couldn't access module table
[2018.02.19-01.55.18:351][160]LogVSAccessor: Warning: Couldn't access module table
[2018.02.19-01.55.18:351][160]LogVSAccessor: Warning: Couldn't access module table
[2018.02.19-01.55.18:351][160]LogVSAccessor: Warning: Couldn't access module table
[2018.02.19-01.55.18:351][160]LogVSAccessor: Warning: Couldn't access module table
[2018.02.19-01.55.18:351][160]LogVSAccessor: Warning: Couldn't access module table
[2018.02.19-01.55.18:352][160]LogVSAccessor: Warning: Couldn't access module table
[2018.02.19-01.55.18:352][160]LogVSAccessor: Warning: Couldn't access module table
[2018.02.19-01.55.18:352][160]LogVSAccessor: Warning: Couldn't access module table
[2018.02.19-01.55.18:352][160]LogVSAccessor: Warning: Couldn't access module table
[2018.02.19-01.55.18:352][160]LogVSAccessor: Warning: Couldn't access module table
[2018.02.19-01.55.18:352][160]LogVSAccessor: Warning: Couldn't access module table
[2018.02.19-01.55.18:352][160]LogVSAccessor: Warning: Couldn't access module table
[2018.02.19-01.55.18:353][160]LogVSAccessor: Warning: Couldn't access module table
[2018.02.19-01.55.18:353][160]LogVSAccessor: Warning: Couldn't access module table
[2018.02.19-01.55.18:353][160]LogVSAccessor: Warning: Couldn't access module table
[2018.02.19-01.55.18:353][160]LogVSAccessor: Warning: Couldn't access module table
[2018.02.19-01.55.18:353][160]LogVSAccessor: Warning: Couldn't access module table
[2018.02.19-01.55.18:353][160]LogVSAccessor: Warning: Couldn't access module table
[2018.02.19-01.55.18:353][160]LogVSAccessor: Warning: Couldn't access module table
[2018.02.19-01.55.18:353][160]LogVSAccessor: Warning: Couldn't access module table
[2018.02.19-01.55.18:354][160]LogVSAccessor: Warning: Couldn't access module table
[2018.02.19-01.55.18:354][160]LogVSAccessor: Warning: Couldn't access module table
[2018.02.19-01.55.18:354][160]LogVSAccessor: Warning: Couldn't access module table
[2018.02.19-01.55.18:354][160]LogVSAccessor: Warning: Couldn't access module table
[2018.02.19-01.55.18:354][160]LogVSAccessor: Warning: Couldn't access module table
[2018.02.19-01.55.18:354][160]LogVSAccessor: Warning: Couldn't access module table
[2018.02.19-01.55.18:354][160]LogVSAccessor: Warning: Couldn't access module table
[2018.02.19-01.55.18:354][160]LogVSAccessor: Warning: Couldn't access module table
[2018.02.19-01.55.18:354][160]LogVSAccessor: Warning: Couldn't access module table
[2018.02.19-01.55.18:355][160]LogVSAccessor: Warning: Couldn't access module table
[2018.02.19-01.55.18:355][160]LogVSAccessor: Warning: Couldn't access module table
[2018.02.19-01.55.18:355][160]LogVSAccessor: Warning: Couldn't access module table
[2018.02.19-01.55.18:355][160]LogVSAccessor: Warning: Couldn't access module table
[2018.02.19-01.55.18:355][160]LogVSAccessor: Warning: Couldn't access module table
[2018.02.19-01.55.18:355][160]LogVSAccessor: Warning: Couldn't access module table
[2018.02.19-01.55.18:355][160]LogVSAccessor: Warning: Couldn't access module table
[2018.02.19-01.55.18:355][160]LogVSAccessor: Warning: Couldn't access module table
[2018.02.19-01.55.18:355][160]LogVSAccessor: Warning: Couldn't access module table
[2018.02.19-01.55.18:356][160]LogVSAccessor: Warning: Couldn't access module table
[2018.02.19-01.55.18:356][160]LogVSAccessor: Warning: Couldn't access module table
[2018.02.19-01.55.18:356][160]LogVSAccessor: Warning: Couldn't access module table
[2018.02.19-01.55.18:356][160]LogVSAccessor: Warning: Couldn't access module table
[2018.02.19-01.55.18:357][160]LogVSAccessor: Warning: Couldn't access module table
[2018.02.19-01.55.18:361][160]LogVSAccessor: Warning: Couldn't access module table
[2018.02.19-01.55.18:364][160]LogVSAccessor: Warning: Couldn't access module table
[2018.02.19-01.55.18:395][160]LogVSAccessor: Warning: Couldn't access module table
[2018.02.19-01.55.18:398][160]LogVSAccessor: Warning: Couldn't access module table
[2018.02.19-01.55.18:420][160]LogVSAccessor: Warning: Couldn't access module table
[2018.02.19-01.55.18:422][160]LogVSAccessor: Warning: Couldn't access module table
[2018.02.19-01.55.18:446][160]LogVSAccessor: Warning: Couldn't access module table
